Log file open, 06/14/18 19:04:26
LogWindows: Failed to load 'aqProf.dll' (GetLastError=126)
LogWindows: File 'aqProf.dll' does not exist
LogWindows: Failed to load 'VSPerf140.dll' (GetLastError=126)
LogWindows: File 'VSPerf140.dll' does not exist
LogWindows: Failed to load 'VtuneApi.dll' (GetLastError=126)
LogWindows: File 'VtuneApi.dll' does not exist
LogWindows: Failed to load 'VtuneApi32e.dll' (GetLastError=126)
LogWindows: File 'VtuneApi32e.dll' does not exist
LogInit: Display: Running engine for game: Projeto
LogPlatformFile: Not using cached read wrapper
LogInit: Display: RandInit(-1172510959) SRandInit(-1172510959).
LogInit: Read version file with build ID '3944462'
LogInit: Overriding engine version to CL 3944462, compatible CL 3944462
LogInit: Registered custom module enumerator with build ID '3944462'
LogTaskGraph: Started task graph with 5 named threads and 23 total threads with 3 sets of task threads.
LogStats: Stats thread started at 1.062823
LogD3D11RHI: Aftermath initialized
LogICUInternationalization: Display: ICU TimeZone Detection - Raw Offset: -3:00, Platform Override: ''
LogModuleManager: Display: Found up-to-date module file ../../../Engine/Plugins/2D/Paper2D/Binaries/Win64/UE4Editor-Paper2D.dll (API version 3944462).
LogModuleManager: Display: Found up-to-date module file ../../../Engine/Plugins/2D/Paper2D/Binaries/Win64/UE4Editor-Paper2DEditor.dll (API version 3944462).
LogModuleManager: Display: Found up-to-date module file ../../../Engine/Plugins/2D/Paper2D/Binaries/Win64/UE4Editor-PaperSpriteSheetImporter.dll (API version 3944462).
LogModuleManager: Display: Found up-to-date module file ../../../Engine/Plugins/2D/Paper2D/Binaries/Win64/UE4Editor-PaperTiledImporter.dll (API version 3944462).
LogModuleManager: Display: Found up-to-date module file ../../../Engine/Plugins/2D/Paper2D/Binaries/Win64/UE4Editor-SmartSnapping.dll (API version 3944462).
LogModuleManager: Display: Found up-to-date module file ../../../Engine/Plugins/Blendables/LightPropagationVolume/Binaries/Win64/UE4Editor-LightPropagationVolumeRuntime.dll (API version 3944462).
LogModuleManager: Display: Found up-to-date module file ../../../Engine/Plugins/Blendables/LightPropagationVolume/Binaries/Win64/UE4Editor-LightPropagationVolumeEditor.dll (API version 3944462).
LogModuleManager: Display: Found up-to-date module file ../../../Engine/Plugins/Developer/CLionSourceCodeAccess/Binaries/Win64/UE4Editor-CLionSourceCodeAccess.dll (API version 3944462).
LogModuleManager: Display: Found up-to-date module file ../../../Engine/Plugins/Developer/GitSourceControl/Binaries/Win64/UE4Editor-GitSourceControl.dll (API version 3944462).
LogModuleManager: Display: Found up-to-date module file ../../../Engine/Plugins/Developer/PerforceSourceControl/Binaries/Win64/UE4Editor-PerforceSourceControl.dll (API version 3944462).
LogModuleManager: Display: Found up-to-date module file ../../../Engine/Plugins/Developer/SubversionSourceControl/Binaries/Win64/UE4Editor-SubversionSourceControl.dll (API version 3944462).
LogModuleManager: Display: Found up-to-date module file ../../../Engine/Plugins/Developer/UObjectPlugin/Binaries/Win64/UE4Editor-UObjectPlugin.dll (API version 3944462).
LogModuleManager: Display: Found up-to-date module file ../../../Engine/Plugins/Developer/VisualStudioCodeSourceCodeAccess/Binaries/Win64/UE4Editor-VisualStudioCodeSourceCodeAccess.dll (API version 3944462).
LogModuleManager: Display: Found up-to-date module file ../../../Engine/Plugins/Developer/VisualStudioSourceCodeAccess/Binaries/Win64/UE4Editor-VisualStudioSourceCodeAccess.dll (API version 3944462).
LogModuleManager: Display: Found up-to-date module file ../../../Engine/Plugins/Editor/AssetManagerEditor/Binaries/Win64/UE4Editor-AssetManagerEditor.dll (API version 3944462).
LogModuleManager: Display: Found up-to-date module file ../../../Engine/Plugins/Editor/CryptoKeys/Binaries/Win64/UE4Editor-CryptoKeys.dll (API version 3944462).
LogModuleManager: Display: Found up-to-date module file ../../../Engine/Plugins/Editor/CryptoKeys/Binaries/Win64/UE4Editor-CryptoKeysOpenSSL.dll (API version 3944462).
LogModuleManager: Display: Found up-to-date module file ../../../Engine/Plugins/Editor/DataValidation/Binaries/Win64/UE4Editor-DataValidation.dll (API version 3944462).
LogModuleManager: Display: Found up-to-date module file ../../../Engine/Plugins/Editor/FacialAnimation/Binaries/Win64/UE4Editor-FacialAnimation.dll (API version 3944462).
LogModuleManager: Display: Found up-to-date module file ../../../Engine/Plugins/Editor/FacialAnimation/Binaries/Win64/UE4Editor-FacialAnimationEditor.dll (API version 3944462).
LogModuleManager: Display: Found up-to-date module file ../../../Engine/Plugins/Editor/GameplayTagsEditor/Binaries/Win64/UE4Editor-GameplayTagsEditor.dll (API version 3944462).
LogModuleManager: Display: Found up-to-date module file ../../../Engine/Plugins/Editor/MobileLauncherProfileWizard/Binaries/Win64/UE4Editor-MobileLauncherProfileWizard.dll (API version 3944462).
LogModuleManager: Display: Found up-to-date module file ../../../Engine/Plugins/Editor/PluginBrowser/Binaries/Win64/UE4Editor-PluginBrowser.dll (API version 3944462).
LogModuleManager: Display: Found up-to-date module file ../../../Engine/Plugins/Editor/SpeedTreeImporter/Binaries/Win64/UE4Editor-SpeedTreeImporter.dll (API version 3944462).
LogModuleManager: Display: Found up-to-date module file ../../../Engine/Plugins/Enterprise/DatasmithContent/Binaries/Win64/UE4Editor-DatasmithContent.dll (API version 3944462).
LogModuleManager: Display: Found up-to-date module file ../../../Engine/Plugins/Experimental/AlembicImporter/Binaries/Win64/UE4Editor-AlembicImporter.dll (API version 3944462).
LogModuleManager: Display: Found up-to-date module file ../../../Engine/Plugins/Experimental/AlembicImporter/Binaries/Win64/UE4Editor-AlembicLibrary.dll (API version 3944462).
LogModuleManager: Display: Found up-to-date module file ../../../Engine/Plugins/Experimental/CharacterAI/Binaries/Win64/UE4Editor-CharacterAI.dll (API version 3944462).
LogModuleManager: Display: Found up-to-date module file ../../../Engine/Plugins/Experimental/HTML5Networking/Binaries/Win64/UE4Editor-HTML5Networking.dll (API version 3944462).
LogModuleManager: Display: Found up-to-date module file ../../../Engine/Plugins/Media/AndroidMedia/Binaries/Win64/UE4Editor-AndroidMediaEditor.dll (API version 3944462).
LogModuleManager: Display: Found up-to-date module file ../../../Engine/Plugins/Media/AndroidMedia/Binaries/Win64/UE4Editor-AndroidMediaFactory.dll (API version 3944462).
LogModuleManager: Display: Found up-to-date module file ../../../Engine/Plugins/Media/AvfMedia/Binaries/Win64/UE4Editor-AvfMediaEditor.dll (API version 3944462).
LogModuleManager: Display: Found up-to-date module file ../../../Engine/Plugins/Media/AvfMedia/Binaries/Win64/UE4Editor-AvfMediaFactory.dll (API version 3944462).
LogModuleManager: Display: Found up-to-date module file ../../../Engine/Plugins/Media/AvfMedia/Binaries/Win64/UE4Editor-AvfMediaFactory.dll (API version 3944462).
LogModuleManager: Display: Found up-to-date module file ../../../Engine/Plugins/Media/ImgMedia/Binaries/Win64/UE4Editor-ImgMedia.dll (API version 3944462).
LogModuleManager: Display: Found up-to-date module file ../../../Engine/Plugins/Media/ImgMedia/Binaries/Win64/UE4Editor-ImgMediaEditor.dll (API version 3944462).
LogModuleManager: Display: Found up-to-date module file ../../../Engine/Plugins/Media/ImgMedia/Binaries/Win64/UE4Editor-ImgMediaFactory.dll (API version 3944462).
LogModuleManager: Display: Found up-to-date module file ../../../Engine/Plugins/Media/ImgMedia/Binaries/Win64/UE4Editor-ImgMediaFactory.dll (API version 3944462).
LogModuleManager: Display: Found up-to-date module file ../../../Engine/Plugins/Media/ImgMedia/Binaries/Win64/UE4Editor-OpenExrWrapper.dll (API version 3944462).
LogModuleManager: Display: Found up-to-date module file ../../../Engine/Plugins/Media/LinearTimecode/Binaries/Win64/UE4Editor-LinearTimecode.dll (API version 3944462).
LogModuleManager: Display: Found up-to-date module file ../../../Engine/Plugins/Media/MediaCompositing/Binaries/Win64/UE4Editor-MediaCompositing.dll (API version 3944462).
LogModuleManager: Display: Found up-to-date module file ../../../Engine/Plugins/Media/MediaCompositing/Binaries/Win64/UE4Editor-MediaCompositingEditor.dll (API version 3944462).
LogModuleManager: Display: Found up-to-date module file ../../../Engine/Plugins/Media/MediaPlayerEditor/Binaries/Win64/UE4Editor-MediaPlayerEditor.dll (API version 3944462).
LogModuleManager: Display: Found up-to-date module file ../../../Engine/Plugins/Media/WmfMedia/Binaries/Win64/UE4Editor-WmfMedia.dll (API version 3944462).
LogModuleManager: Display: Found up-to-date module file ../../../Engine/Plugins/Media/WmfMedia/Binaries/Win64/UE4Editor-WmfMediaEditor.dll (API version 3944462).
LogModuleManager: Display: Found up-to-date module file ../../../Engine/Plugins/Media/WmfMedia/Binaries/Win64/UE4Editor-WmfMediaFactory.dll (API version 3944462).
LogModuleManager: Display: Found up-to-date module file ../../../Engine/Plugins/Media/WmfMedia/Binaries/Win64/UE4Editor-WmfMediaFactory.dll (API version 3944462).
LogModuleManager: Display: Found up-to-date module file ../../../Engine/Plugins/Messaging/TcpMessaging/Binaries/Win64/UE4Editor-TcpMessaging.dll (API version 3944462).
LogModuleManager: Display: Found up-to-date module file ../../../Engine/Plugins/Messaging/UdpMessaging/Binaries/Win64/UE4Editor-UdpMessaging.dll (API version 3944462).
LogModuleManager: Display: Found up-to-date module file ../../../Engine/Plugins/MovieScene/ActorSequence/Binaries/Win64/UE4Editor-ActorSequence.dll (API version 3944462).
LogModuleManager: Display: Found up-to-date module file ../../../Engine/Plugins/MovieScene/LevelSequenceEditor/Binaries/Win64/UE4Editor-LevelSequenceEditor.dll (API version 3944462).
LogModuleManager: Display: Found up-to-date module file ../../../Engine/Plugins/MovieScene/MatineeToLevelSequence/Binaries/Win64/UE4Editor-MatineeToLevelSequence.dll (API version 3944462).
LogModuleManager: Display: Found up-to-date module file ../../../Engine/Plugins/NetcodeUnitTest/NetcodeUnitTest/Binaries/Win64/UE4Editor-NetcodeUnitTest.dll (API version 3944462).
LogModuleManager: Display: Found up-to-date module file ../../../Engine/Plugins/NetcodeUnitTest/NUTUnrealEngine4/Binaries/Win64/UE4Editor-NUTUnrealEngine4.dll (API version 3944462).
LogModuleManager: Display: Found up-to-date module file ../../../Engine/Plugins/Online/OnlineSubsystem/Binaries/Win64/UE4Editor-OnlineSubsystem.dll (API version 3944462).
LogModuleManager: Display: Found up-to-date module file ../../../Engine/Plugins/Runtime/AndroidPermission/Binaries/Win64/UE4Editor-AndroidPermission.dll (API version 3944462).
LogModuleManager: Display: Found up-to-date module file ../../../Engine/Plugins/Online/OnlineSubsystemNull/Binaries/Win64/UE4Editor-OnlineSubsystemNull.dll (API version 3944462).
LogModuleManager: Display: Found up-to-date module file ../../../Engine/Plugins/Online/OnlineSubsystemUtils/Binaries/Win64/UE4Editor-OnlineSubsystemUtils.dll (API version 3944462).
LogModuleManager: Display: Found up-to-date module file ../../../Engine/Plugins/Online/OnlineSubsystemUtils/Binaries/Win64/UE4Editor-OnlineBlueprintSupport.dll (API version 3944462).
LogModuleManager: Display: Found up-to-date module file ../../../Engine/Plugins/Runtime/AndroidDeviceProfileSelector/Binaries/Win64/UE4Editor-AndroidDeviceProfileSelector.dll (API version 3944462).
LogModuleManager: Display: Found up-to-date module file ../../../Engine/Plugins/Runtime/AppleARKit/Binaries/Win64/UE4Editor-AppleARKit.dll (API version 3944462).
LogModuleManager: Display: Found up-to-date module file ../../../Engine/Plugins/Runtime/ProceduralMeshComponent/Binaries/Win64/UE4Editor-ProceduralMeshComponent.dll (API version 3944462).
LogModuleManager: Display: Found up-to-date module file ../../../Engine/Plugins/Runtime/ProceduralMeshComponent/Binaries/Win64/UE4Editor-ProceduralMeshComponentEditor.dll (API version 3944462).
LogModuleManager: Display: Found up-to-date module file ../../../Engine/Plugins/Animation/LiveLink/Binaries/Win64/UE4Editor-LiveLink.dll (API version 3944462).
LogModuleManager: Display: Found up-to-date module file ../../../Engine/Plugins/Animation/LiveLink/Binaries/Win64/UE4Editor-LiveLinkEditor.dll (API version 3944462).
LogModuleManager: Display: Found up-to-date module file ../../../Engine/Plugins/Runtime/ArchVisCharacter/Binaries/Win64/UE4Editor-ArchVisCharacter.dll (API version 3944462).
LogModuleManager: Display: Found up-to-date module file ../../../Engine/Plugins/Runtime/AudioCapture/Binaries/Win64/UE4Editor-AudioCapture.dll (API version 3944462).
LogModuleManager: Display: Found up-to-date module file ../../../Engine/Plugins/Runtime/AudioCapture/Binaries/Win64/UE4Editor-AudioCaptureEditor.dll (API version 3944462).
LogModuleManager: Display: Found up-to-date module file ../../../Engine/Plugins/Runtime/CableComponent/Binaries/Win64/UE4Editor-CableComponent.dll (API version 3944462).
LogModuleManager: Display: Found up-to-date module file ../../../Engine/Plugins/Runtime/CustomMeshComponent/Binaries/Win64/UE4Editor-CustomMeshComponent.dll (API version 3944462).
LogModuleManager: Display: Found up-to-date module file ../../../Engine/Plugins/Runtime/ExampleDeviceProfileSelector/Binaries/Win64/UE4Editor-ExampleDeviceProfileSelector.dll (API version 3944462).
LogModuleManager: Display: Found up-to-date module file ../../../Engine/Plugins/Runtime/ImmediatePhysics/Binaries/Win64/UE4Editor-ImmediatePhysics.dll (API version 3944462).
LogModuleManager: Display: Found up-to-date module file ../../../Engine/Plugins/Runtime/ImmediatePhysics/Binaries/Win64/UE4Editor-ImmediatePhysicsEditor.dll (API version 3944462).
LogModuleManager: Display: Found up-to-date module file ../../../Engine/Plugins/Runtime/LocationServicesBPLibrary/Binaries/Win64/UE4Editor-LocationServicesBPLibrary.dll (API version 3944462).
LogModuleManager: Display: Found up-to-date module file ../../../Engine/Plugins/Runtime/MobilePatchingUtils/Binaries/Win64/UE4Editor-MobilePatchingUtils.dll (API version 3944462).
LogModuleManager: Display: Found up-to-date module file ../../../Engine/Plugins/Runtime/Oculus/OculusVR/Binaries/Win64/UE4Editor-OculusHMD.dll (API version 3944462).
LogModuleManager: Display: Found up-to-date module file ../../../Engine/Plugins/Runtime/Oculus/OculusVR/Binaries/Win64/UE4Editor-OculusInput.dll (API version 3944462).
LogModuleManager: Display: Found up-to-date module file ../../../Engine/Plugins/Runtime/Oculus/OculusVR/Binaries/Win64/UE4Editor-OculusEditor.dll (API version 3944462).
LogModuleManager: Display: Found up-to-date module file ../../../Engine/Plugins/Runtime/PhysXVehicles/Binaries/Win64/UE4Editor-PhysXVehicles.dll (API version 3944462).
LogModuleManager: Display: Found up-to-date module file ../../../Engine/Plugins/Runtime/PhysXVehicles/Binaries/Win64/UE4Editor-PhysXVehiclesEditor.dll (API version 3944462).
LogModuleManager: Display: Found up-to-date module file ../../../Engine/Plugins/Runtime/RuntimePhysXCooking/Binaries/Win64/UE4Editor-RuntimePhysXCooking.dll (API version 3944462).
LogModuleManager: Display: Found up-to-date module file ../../../Engine/Plugins/Runtime/Steam/SteamVR/Binaries/Win64/UE4Editor-SteamVR.dll (API version 3944462).
LogModuleManager: Display: Found up-to-date module file ../../../Engine/Plugins/Runtime/Steam/SteamVR/Binaries/Win64/UE4Editor-SteamVRController.dll (API version 3944462).
LogModuleManager: Display: Found up-to-date module file ../../../Engine/Plugins/Runtime/WindowsMoviePlayer/Binaries/Win64/UE4Editor-WindowsMoviePlayer.dll (API version 3944462).
LogPluginManager: Mounting plugin Paper2D
LogPluginManager: Mounting plugin LiveLink
LogPluginManager: Mounting plugin LightPropagationVolume
LogPluginManager: Mounting plugin CLionSourceCodeAccess
LogPluginManager: Mounting plugin CodeLiteSourceCodeAccess
LogPluginManager: Mounting plugin GitSourceControl
LogPluginManager: Mounting plugin KDevelopSourceCodeAccess
LogPluginManager: Mounting plugin NullSourceCodeAccess
LogPluginManager: Mounting plugin PerforceSourceControl
LogPluginManager: Mounting plugin SubversionSourceControl
LogPluginManager: Mounting plugin UObjectPlugin
LogPluginManager: Mounting plugin VisualStudioCodeSourceCodeAccess
LogPluginManager: Mounting plugin VisualStudioSourceCodeAccess
LogPluginManager: Mounting plugin XCodeSourceCodeAccess
LogPluginManager: Mounting plugin AssetManagerEditor
LogPluginManager: Mounting plugin CryptoKeys
LogPluginManager: Mounting plugin DataValidation
LogPluginManager: Mounting plugin FacialAnimation
LogPluginManager: Mounting plugin GameplayTagsEditor
LogPluginManager: Mounting plugin MobileLauncherProfileWizard
LogPluginManager: Mounting plugin PluginBrowser
LogPluginManager: Mounting plugin SpeedTreeImporter
LogPluginManager: Mounting plugin DatasmithContent
LogPluginManager: Mounting plugin AlembicImporter
LogPluginManager: Mounting plugin CharacterAI
LogPluginManager: Mounting plugin HTML5Networking
LogPluginManager: Mounting plugin AndroidMedia
LogPluginManager: Mounting plugin AvfMedia
LogPluginManager: Mounting plugin ImgMedia
LogPluginManager: Mounting plugin LinearTimecode
LogPluginManager: Mounting plugin MediaCompositing
LogPluginManager: Mounting plugin MediaPlayerEditor
LogPluginManager: Mounting plugin WmfMedia
LogPluginManager: Mounting plugin TcpMessaging
LogPluginManager: Mounting plugin UdpMessaging
LogPluginManager: Mounting plugin ActorSequence
LogPluginManager: Mounting plugin LevelSequenceEditor
LogPluginManager: Mounting plugin MatineeToLevelSequence
LogPluginManager: Mounting plugin NetcodeUnitTest
LogPluginManager: Mounting plugin NUTUnrealEngine4
LogPluginManager: Mounting plugin OnlineSubsystemGooglePlay
LogPluginManager: Mounting plugin OnlineSubsystemIOS
LogPluginManager: Mounting plugin OnlineSubsystem
LogPluginManager: Mounting plugin OnlineSubsystemNull
LogPluginManager: Mounting plugin OnlineSubsystemUtils
LogPluginManager: Mounting plugin AndroidDeviceProfileSelector
LogPluginManager: Mounting plugin AndroidMoviePlayer
LogPluginManager: Mounting plugin AndroidPermission
LogPluginManager: Mounting plugin AppleARKit
LogPluginManager: Mounting plugin AppleMoviePlayer
LogPluginManager: Mounting plugin ArchVisCharacter
LogPluginManager: Mounting plugin AudioCapture
LogPluginManager: Mounting plugin CableComponent
LogPluginManager: Mounting plugin CustomMeshComponent
LogPluginManager: Mounting plugin ExampleDeviceProfileSelector
LogPluginManager: Mounting plugin GoogleCloudMessaging
LogPluginManager: Mounting plugin ImmediatePhysics
LogPluginManager: Mounting plugin IOSDeviceProfileSelector
LogPluginManager: Mounting plugin LinuxDeviceProfileSelector
LogPluginManager: Mounting plugin LocationServicesBPLibrary
LogPluginManager: Mounting plugin MobilePatchingUtils
LogPluginManager: Mounting plugin OculusVR
LogPluginManager: Plugin shader directory ../../../Engine/Plugins/Runtime/Oculus/OculusVR/Shaders found
LogPluginManager: Mapping shader source directory ../../../Engine/Plugins/Runtime/Oculus/OculusVR/Shaders to virtual directory /Plugin/OculusVR
LogPluginManager: Mounting plugin PhysXVehicles
LogPluginManager: Mounting plugin ProceduralMeshComponent
LogPluginManager: Mounting plugin RuntimePhysXCooking
LogPluginManager: Mounting plugin SteamVR
LogPluginManager: Mounting plugin WindowsMoviePlayer
LogStreaming: Display: Took  0.804s to configure plugins.
LogInit: Using libcurl 7.47.1
LogInit:  - built for x86_64-pc-win32
LogInit:  - supports SSL with OpenSSL/1.0.2g
LogInit:  - supports HTTP deflate (compression) using libz 1.2.8
LogInit:  - other features:
LogInit:      CURL_VERSION_SSL
LogInit:      CURL_VERSION_LIBZ
LogInit:      CURL_VERSION_IPV6
LogInit:      CURL_VERSION_ASYNCHDNS
LogInit:      CURL_VERSION_LARGEFILE
LogInit:      CURL_VERSION_IDN
LogInit:  CurlRequestOptions (configurable via config and command line):
LogInit:  - bVerifyPeer = false  - Libcurl will NOT verify peer certificate
LogInit:  - bUseHttpProxy = false  - Libcurl will NOT use HTTP proxy
LogInit:  - bDontReuseConnections = false  - Libcurl will reuse connections
LogInit:  - CertBundlePath = nullptr  - Libcurl will use whatever was configured at build time.
LogInit:  - MaxHostConnections = 16  - Libcurl will limit the number of connections to a host
LogInit:  - LocalHostAddr = Default
LogInit: WinSock: version 1.1 (2.2), MaxSocks=32767, MaxUdp=65467
LogInit: WinSock: I am labsoft27 (192.168.56.1:0)
LogInit: Build: ++UE4+Release-4.19-CL-3944462
LogInit: Engine Version: 4.19.0-3944462+++UE4+Release-4.19
LogInit: Compatible Engine Version: 4.19.0-3944462+++UE4+Release-4.19
LogInit: Net CL: 3944462
LogDevObjectVersion: Number of dev versions registered: 18
LogDevObjectVersion:   Dev-Blueprints (B0D832E4-1F89-4F0D-ACCF-7EB736FD4AA2): 10
LogDevObjectVersion:   Dev-Build (E1C64328-A22C-4D53-A36C-8E866417BD8C): 0
LogDevObjectVersion:   Dev-Core (375EC13C-06E4-48FB-B500-84F0262A717E): 2
LogDevObjectVersion:   Dev-Editor (E4B068ED-F494-42E9-A231-DA0B2E46BB41): 23
LogDevObjectVersion:   Dev-Framework (CFFC743F-43B0-4480-9391-14DF171D2073): 33
LogDevObjectVersion:   Dev-Mobile (B02B49B5-BB20-44E9-A304-32B752E40360): 2
LogDevObjectVersion:   Dev-Networking (A4E4105C-59A1-49B5-A7C5-40C4547EDFEE): 0
LogDevObjectVersion:   Dev-Online (39C831C9-5AE6-47DC-9A44-9C173E1C8E7C): 0
LogDevObjectVersion:   Dev-Physics (78F01B33-EBEA-4F98-B9B4-84EACCB95AA2): 0
LogDevObjectVersion:   Dev-Platform (6631380F-2D4D-43E0-8009-CF276956A95A): 0
LogDevObjectVersion:   Dev-Rendering (12F88B9F-8875-4AFC-A67C-D90C383ABD29): 25
LogDevObjectVersion:   Dev-Sequencer (7B5AE74C-D270-4C10-A958-57980B212A5A): 6
LogDevObjectVersion:   Dev-VR (D7296918-1DD6-4BDD-9DE2-64A83CC13884): 1
LogDevObjectVersion:   Dev-LoadTimes (C2A15278-BFE7-4AFE-6C17-90FF531DF755): 1
LogDevObjectVersion:   Private-Geometry (6EACA3D4-40EC-4CC1-B786-8BED09428FC5): 2
LogDevObjectVersion:   Dev-AnimPhys (29E575DD-E0A3-4627-9D10-D276232CDCEA): 16
LogDevObjectVersion:   Dev-ReflectionCapture (6B266CEC-1EC7-4B8F-A30B-E4D90942FC07): 1
LogDevObjectVersion:   Dev-Automation (0DF73D61-A23F-47EA-B727-89E90C41499A): 1
LogInit: Compiled (64-bit): Mar 13 2018 23:12:32
LogInit: Compiled with Visual C++: 19.00.24215.01
LogInit: Build Configuration: Development
LogInit: Branch Name: ++UE4+Release-4.19
LogInit: Command Line:  
LogInit: Base Directory: C:/Program Files/Epic Games/UE_4.19/Engine/Binaries/Win64/
LogInit: Installed Engine Build: 1
LogStreaming: Display: Took  0.000s to delete old logs.
LogInit: Presizing for max 8388607 objects, including 0 objects not considered by GC, pre-allocating 0 bytes for permanent pool.
LogInit: Object subsystem initialized
[2018.06.14-22.04.27:203][  0]LogInit: Selected Device Profile: [Windows]
[2018.06.14-22.04.27:203][  0]LogInit: Applying CVar settings loaded from the selected device profile: [Windows]
[2018.06.14-22.04.27:217][  0]LogInit: Computer: LABSOFT27
[2018.06.14-22.04.27:217][  0]LogInit: User: aluno
[2018.06.14-22.04.27:217][  0]LogInit: CPU Page size=4096, Cores=4
[2018.06.14-22.04.27:217][  0]LogInit: High frequency timer resolution =3.515635 MHz
[2018.06.14-22.04.27:217][  0]LogMemory: Memory total: Physical=7.9GB (8GB approx)
[2018.06.14-22.04.27:217][  0]LogMemory: Platform Memory Stats for Windows
[2018.06.14-22.04.27:217][  0]LogMemory: Process Physical Memory: 273.61 MB used, 273.61 MB peak
[2018.06.14-22.04.27:217][  0]LogMemory: Process Virtual Memory: 264.66 MB used, 264.66 MB peak
[2018.06.14-22.04.27:217][  0]LogMemory: Physical Memory: 2433.06 MB used,  5677.66 MB free, 8110.71 MB total
[2018.06.14-22.04.27:217][  0]LogMemory: Virtual Memory: 4789.34 MB used,  5677.66 MB free, 134217728.00 MB total
[2018.06.14-22.04.27:356][  0]LogInit: Using OS detected language (en-US).
[2018.06.14-22.04.27:356][  0]LogInit: Using OS detected locale (pt-BR).
[2018.06.14-22.04.27:375][  0]LogTextLocalizationManager: No specific localization for 'en-US' exists, so the 'en' localization will be used.
[2018.06.14-22.04.27:773][  0]LogStreaming: Display: Took  0.417s to EndInitTextLocalization.
[2018.06.14-22.04.27:774][  0]LogInit: Setting process to per monitor DPI aware
[2018.06.14-22.04.27:835][  0]LogSlate: New Slate User Created.  User Index 0, Is Virtual User: 0
[2018.06.14-22.04.27:835][  0]LogSlate: Slate User Registered.  User Index 0, Is Virtual User: 0
[2018.06.14-22.04.28:137][  0]LogD3D11RHI: D3D11 adapters:
[2018.06.14-22.04.28:148][  0]LogD3D11RHI:    0. 'Intel(R) HD Graphics 630' (Feature Level 11_0)
[2018.06.14-22.04.28:149][  0]LogD3D11RHI:       128/0/4055 MB DedicatedVideo/DedicatedSystem/SharedSystem, Outputs:1, VendorId:0x8086
[2018.06.14-22.04.28:150][  0]LogD3D11RHI:    1. 'Microsoft Basic Render Driver' (Feature Level 11_0)
[2018.06.14-22.04.28:150][  0]LogD3D11RHI:       0/0/4055 MB DedicatedVideo/DedicatedSystem/SharedSystem, Outputs:0, VendorId:0x1414
[2018.06.14-22.04.28:150][  0]LogD3D11RHI: Chosen D3D11 Adapter: 0
[2018.06.14-22.04.28:153][  0]LogD3D11RHI: Creating new Direct3DDevice
[2018.06.14-22.04.28:154][  0]LogD3D11RHI:     GPU DeviceId: 0x5912 (for the marketing name, search the web for "GPU Device Id")
[2018.06.14-22.04.28:154][  0]LogWindows: EnumDisplayDevices:
[2018.06.14-22.04.28:154][  0]LogWindows:    0. 'Intel(R) HD Graphics 630' (P:1 D:1)
[2018.06.14-22.04.28:154][  0]LogWindows:    1. 'Intel(R) HD Graphics 630' (P:0 D:0)
[2018.06.14-22.04.28:154][  0]LogWindows:    2. 'Intel(R) HD Graphics 630' (P:0 D:0)
[2018.06.14-22.04.28:154][  0]LogWindows: DebugString: GetVideoDriverDetailsInvalid PrimaryIsNotTheChoosenAdapter GetVideoDriverDetailsInvalid PrimaryIsNotTheChoosenAdapter GetVideoDriverDetailsInvalid PrimaryIsNotTheChoosenAdapter FoundDriverCount:0 
[2018.06.14-22.04.28:154][  0]LogD3D11RHI:     Adapter Name: Intel(R) HD Graphics 630
[2018.06.14-22.04.28:154][  0]LogD3D11RHI:   Driver Version: Unknown (internal:Unknown, unified:Unknown)
[2018.06.14-22.04.28:154][  0]LogD3D11RHI:      Driver Date: Unknown
[2018.06.14-22.04.28:154][  0]LogRHI: Texture pool is 1508 MB (70% of 2155 MB)
[2018.06.14-22.04.28:163][  0]LogD3D11RHI: Async texture creation enabled
[2018.06.14-22.04.28:188][  0]LogD3D11RHI: GPU Timing Frequency: 12.000048 (Debug: 2 0)
[2018.06.14-22.04.28:193][  0]LogShaderCompilers: Guid format shader working directory is 1 characters bigger than the processId version (../../../../../../Users/aluno/BumpAll/Projeto/Intermediate/Shaders/WorkingDirectory/8112/).
[2018.06.14-22.04.28:193][  0]LogShaderCompilers: Cleaned the shader compiler working directory 'C:/Users/aluno/AppData/Local/Temp/UnrealShaderWorkingDir/444EC868403805C0167075A4921D5466/'.
[2018.06.14-22.04.29:419][  0]LogTemp: Display: Loaded TP AllDesktopTargetPlatform
[2018.06.14-22.04.29:431][  0]LogTemp: Display: Loaded TP MacClientTargetPlatform
[2018.06.14-22.04.29:441][  0]LogTemp: Display: Loaded TP MacNoEditorTargetPlatform
[2018.06.14-22.04.29:452][  0]LogTemp: Display: Loaded TP MacServerTargetPlatform
[2018.06.14-22.04.29:464][  0]LogTemp: Display: Loaded TP MacTargetPlatform
[2018.06.14-22.04.29:476][  0]LogTemp: Display: Loaded TP WindowsClientTargetPlatform
[2018.06.14-22.04.29:489][  0]LogTemp: Display: Loaded TP WindowsNoEditorTargetPlatform
[2018.06.14-22.04.29:500][  0]LogTemp: Display: Loaded TP WindowsServerTargetPlatform
[2018.06.14-22.04.29:507][  0]LogTemp: Display: Loaded TP WindowsTargetPlatform
[2018.06.14-22.04.29:517][  0]LogTemp: Display: Loaded TP Android_ASTCTargetPlatform
[2018.06.14-22.04.29:529][  0]LogTemp: Display: Loaded TP Android_ATCTargetPlatform
[2018.06.14-22.04.29:539][  0]LogTemp: Display: Loaded TP Android_DXTTargetPlatform
[2018.06.14-22.04.29:549][  0]LogTemp: Display: Loaded TP Android_ETC1aTargetPlatform
[2018.06.14-22.04.29:559][  0]LogTemp: Display: Loaded TP Android_ETC1TargetPlatform
[2018.06.14-22.04.29:570][  0]LogTemp: Display: Loaded TP Android_ETC2TargetPlatform
[2018.06.14-22.04.29:593][  0]LogTemp: Display: Loaded TP Android_MultiTargetPlatform
[2018.06.14-22.04.29:593][  0]LogTemp: Display: Loaded TP Android_PVRTCTargetPlatform
[2018.06.14-22.04.29:603][  0]LogTemp: Display: Loaded TP AndroidTargetPlatform
[2018.06.14-22.04.29:605][  0]LogTemp: Display: Loaded TP HTML5TargetPlatform
[2018.06.14-22.04.29:647][  0]LogTemp: Display: Loaded TP IOSTargetPlatform
[2018.06.14-22.04.29:656][  0]LogTemp: Display: Loaded TP TVOSTargetPlatform
[2018.06.14-22.04.29:666][  0]LogTemp: Display: Loaded TP LinuxClientTargetPlatform
[2018.06.14-22.04.29:676][  0]LogTemp: Display: Loaded TP LinuxNoEditorTargetPlatform
[2018.06.14-22.04.29:687][  0]LogTemp: Display: Loaded TP LinuxServerTargetPlatform
[2018.06.14-22.04.29:699][  0]LogTemp: Display: Loaded TP LinuxTargetPlatform
[2018.06.14-22.04.29:700][  0]LogTargetPlatformManager: Display: Building Assets For Windows
[2018.06.14-22.04.29:888][  0]LogXGEController: Cleaning working directory: C:/Users/aluno/AppData/Local/Temp/UnrealXGEWorkingDir/
[2018.06.14-22.04.29:888][  0]LogXGEController: Cannot use XGE Controller as Incredibuild is not installed on this machine.
[2018.06.14-22.04.29:889][  0]LogShaderCompilers: Cannot use XGE Shader Compiler as Incredibuild is not installed on this machine.
[2018.06.14-22.04.29:889][  0]LogShaderCompilers: Display: Using Local Shader Compiler.
[2018.06.14-22.04.30:588][  0]LogDerivedDataCache: Display: Max Cache Size: 512 MB
[2018.06.14-22.04.30:588][  0]LogDerivedDataCache: Display: Starting with empty Boot cache
[2018.06.14-22.04.30:589][  0]LogDerivedDataCache: FDerivedDataBackendGraph:  Pak pak cache file ../../../../../../Users/aluno/BumpAll/Projeto/DerivedDataCache/DDC.ddp not found, will not use a pak cache.
[2018.06.14-22.04.30:589][  0]LogDerivedDataCache: Unable to find inner node Pak for hierarchical cache Hierarchy.
[2018.06.14-22.04.30:589][  0]LogDerivedDataCache: FDerivedDataBackendGraph:  CompressedPak pak cache file ../../../../../../Users/aluno/BumpAll/Projeto/DerivedDataCache/Compressed.ddp not found, will not use a pak cache.
[2018.06.14-22.04.30:589][  0]LogDerivedDataCache: Unable to find inner node CompressedPak for hierarchical cache Hierarchy.
[2018.06.14-22.04.30:609][  0]LogDerivedDataCache: Display: Pak cache opened for reading ../../../Engine/DerivedDataCache/Compressed.ddp.
[2018.06.14-22.04.30:621][  0]LogDerivedDataCache: Using Local data cache path C:/Users/aluno/AppData/Local/UnrealEngine/Common/DerivedDataCache: Writable
[2018.06.14-22.04.30:652][  0]LogMaterial: Verifying Global Shaders for PCD3D_SM5
[2018.06.14-22.04.30:661][  0]LogSlate: Using Freetype 2.6.0
[2018.06.14-22.04.30:667][  0]LogSlate: SlateFontCache - WITH_FREETYPE: 1, WITH_HARFBUZZ: 1
[2018.06.14-22.04.30:667][  0]LogSlate: SlateFontCache - WITH_FREETYPE: 1, WITH_HARFBUZZ: 1
[2018.06.14-22.04.31:209][  0]LogAssetRegistry: FAssetRegistry took 0.0288 seconds to start up
[2018.06.14-22.04.31:632][  0]LogInit: Selected Device Profile: [Windows]
[2018.06.14-22.04.31:942][  0]LogSimplygon: Simplygon DLL not present - disabling.
[2018.06.14-22.04.31:949][  0]LogMeshReduction: Using SimplygonSwarm for distributed automatic mesh merging
[2018.06.14-22.04.31:950][  0]LogMeshReduction: Using QuadricMeshReduction for automatic static mesh reduction
[2018.06.14-22.04.31:950][  0]LogMeshReduction: No automatic skeletal mesh reduction module available
[2018.06.14-22.04.31:950][  0]LogMeshReduction: No automatic mesh merging module available
[2018.06.14-22.04.31:951][  0]LogMeshMerging: No automatic mesh merging module available
[2018.06.14-22.04.32:023][  0]LogNetVersion: Projeto , NetCL: 3944462, EngineNetVer: 2, GameNetVer: 0 (Checksum: 1454981104)
[2018.06.14-22.04.32:956][  0]LogPackageLocalizationCache: Processed 9 localized package path(s) for 2 prioritized culture(s) in 0.055831 seconds
[2018.06.14-22.04.32:963][  0]LogUObjectArray: 36728 objects as part of root set at end of initial load.
[2018.06.14-22.04.32:963][  0]LogUObjectAllocator: 7314304 out of 0 bytes used by permanent object pool.
[2018.06.14-22.04.32:963][  0]LogUObjectArray: CloseDisregardForGC: 0/0 objects in disregard for GC pool
[2018.06.14-22.04.35:158][  0]LogWmfMedia: Failed to load mf.dll
[2018.06.14-22.04.35:158][  0]LogWmfMedia: Failed to load required Windows Media Foundation libraries
[2018.06.14-22.04.35:173][  0]LogWindowsMoviePlayer: Could not load mf.dll. Library not found.
[2018.06.14-22.04.35:174][  0]LogWindowsMoviePlayer: Could not load mfplat.dll. Library not found.
[2018.06.14-22.04.35:174][  0]LogWindowsMoviePlayer: Could not load mfplay.dll. Library not found.
[2018.06.14-22.04.35:647][  0]LogTcpMessaging: Initializing TcpMessaging bridge
[2018.06.14-22.04.35:675][  0]LogUdpMessaging: Initializing bridge on interface 0.0.0.0:0 to multicast group 230.0.0.1:6666.
[2018.06.14-22.04.36:026][  0]SourceControl: Source control is disabled
[2018.06.14-22.04.36:026][  0]SourceControl: Source control is disabled
[2018.06.14-22.04.36:049][  0]SourceControl: Source control is disabled
[2018.06.14-22.04.36:066][  0]SourceControl: Source control is disabled
[2018.06.14-22.04.36:535][  0]LogAndroidPermission: UAndroidPermissionCallbackProxy::GetInstance
[2018.06.14-22.04.36:648][  0]LogOcInput: OculusInput pre-init called
[2018.06.14-22.04.36:770][  0]LogEngine: Initializing Engine...
[2018.06.14-22.04.36:774][  0]LogHMD: Failed to initialize OpenVR with code 110
[2018.06.14-22.04.36:777][  0]LogStats: UGameplayTagsManager::ConstructGameplayTagTree: Construct from data asset -  0.000 s
[2018.06.14-22.04.36:777][  0]LogStats: UGameplayTagsManager::ConstructGameplayTagTree: GameplayTagTreeChangedEvent.Broadcast -  0.000 s
[2018.06.14-22.04.37:202][  0]LogAIModule: Creating AISystem for world Untitled
[2018.06.14-22.04.37:219][  0]LogInit: XAudio2 using 'Realtek Digital Output (Realtek High Definition Audio)' : 2 channels at 48 kHz using 16 bits per sample (channel mask 0x3)
[2018.06.14-22.04.37:411][  0]LogInit: FAudioDevice initialized.
[2018.06.14-22.04.37:517][  0]LogDerivedDataCache: Saved boot cache 0.11s 74MB C:/Users/aluno/AppData/Local/UnrealEngine/4.19/DerivedDataCache/Boot.ddc.
[2018.06.14-22.04.37:528][  0]LogInit: Texture streaming: Enabled
[2018.06.14-22.04.37:551][  0]LogEngineSessionManager: EngineSessionManager initialized
[2018.06.14-22.04.37:574][  0]LogInit: Transaction tracking system initialized
[2018.06.14-22.04.37:644][  0]BlueprintLog: New page: Editor Load
[2018.06.14-22.04.37:897][  0]LocalizationService: Localization service is disabled
[2018.06.14-22.04.38:058][  0]LogConsoleResponse: Display: 
[2018.06.14-22.04.38:230][  0]LogCook: Display: Max memory allowance for cook 16384mb min free memory 0mb
[2018.06.14-22.04.38:230][  0]LogCook: Display: Mobile HDR setting 1
[2018.06.14-22.04.38:230][  0]LogGameplayTags: Display: UGameplayTagsManager::DoneAddingNativeTags. DelegateIsBound: 0
[2018.06.14-22.04.38:230][  0]LogStats: UGameplayTagsManager::ConstructGameplayTagTree: Construct from data asset -  0.000 s
[2018.06.14-22.04.38:230][  0]LogStats: UGameplayTagsManager::ConstructGameplayTagTree: GameplayTagTreeChangedEvent.Broadcast -  0.000 s
[2018.06.14-22.04.38:616][  0]LogFileCache: Scanning file cache for directory 'C:/Users/aluno/BumpAll/Projeto/Content/' took 0.01s
[2018.06.14-22.04.38:640][  0]SourceControl: Source control is disabled
[2018.06.14-22.04.38:642][  0]Cmd: MAP LOAD FILE="../../../../../../Users/aluno/BumpAll/Projeto/Content/StarterContent/Maps/Minimal_Default.umap" TEMPLATE=0 SHOWPROGRESS=1 FEATURELEVEL=3
[2018.06.14-22.04.38:644][  0]LightingResults: New page: Lighting Build
[2018.06.14-22.04.38:652][  0]MapCheck: New page: Map Check
[2018.06.14-22.04.38:652][  0]LightingResults: New page: Lighting Build
[2018.06.14-22.04.38:790][  0]LogLinker: Warning: Can't find file '/Game/StarterContent/Maps/Minimal_Default_BuiltData'
[2018.06.14-22.04.38:790][  0]LogLinker: Warning: Can't find file for asset '/Game/StarterContent/Maps/Minimal_Default_BuiltData' while loading ../../../../../../Users/aluno/BumpAll/Projeto/Content/StarterContent/Maps/Minimal_Default.umap.
[2018.06.14-22.04.38:790][  0]LoadErrors: Error: /Game/StarterContent/Maps/Minimal_Default : Can't find file for asset. /Game/StarterContent/Maps/Minimal_Default_BuiltData
[2018.06.14-22.04.38:812][  0]LogLinker: Warning: Can't find file '/Game/StarterContent/Maps/Minimal_Default_BuiltData'
[2018.06.14-22.04.38:812][  0]LogLinker: Warning: Can't find file for asset '/Game/StarterContent/Maps/Minimal_Default_BuiltData' while loading ../../../../../../Users/aluno/BumpAll/Projeto/Content/StarterContent/Maps/Minimal_Default.umap.
[2018.06.14-22.04.38:812][  0]LoadErrors: Error: /Game/StarterContent/Maps/Minimal_Default : Can't find file for asset. /Game/StarterContent/Maps/Minimal_Default_BuiltData
[2018.06.14-22.04.38:823][  0]LogLinker: Warning: Can't find file '/Game/StarterContent/Maps/Minimal_Default_BuiltData'
[2018.06.14-22.04.38:823][  0]LogLinker: Warning: Can't find file for asset '/Game/StarterContent/Maps/Minimal_Default_BuiltData' while loading NULL.
[2018.06.14-22.04.38:823][  0]LogLinker: Warning: Can't find file '/Game/StarterContent/Maps/Minimal_Default_BuiltData'
[2018.06.14-22.04.38:823][  0]LogLinker: Warning: Can't find file for asset '/Game/StarterContent/Maps/Minimal_Default_BuiltData' while loading NULL.
[2018.06.14-22.04.38:831][  0]LogLinker: Warning: Can't find file '/Game/StarterContent/Maps/Minimal_Default_BuiltData'
[2018.06.14-22.04.38:831][  0]LoadErrors: Failed to load /Game/StarterContent/Maps/Minimal_Default_BuiltData.Minimal_Default_BuiltData Referenced by PersistentLevel
[2018.06.14-22.04.38:831][  0]LogLinker: Warning: Can't find file for asset '/Game/StarterContent/Maps/Minimal_Default_BuiltData' while loading NULL.
[2018.06.14-22.04.38:831][  0]LoadErrors: Failed to load /Game/StarterContent/Maps/Minimal_Default_BuiltData.Minimal_Default_BuiltData Referenced by PersistentLevel
[2018.06.14-22.04.38:864][  0]LogStaticMesh: Building static mesh Floor_400x400...
[2018.06.14-22.04.38:866][  0]LogStaticMesh: Built static mesh [0.00s] /Game/StarterContent/Architecture/Floor_400x400.Floor_400x400
[2018.06.14-22.04.39:012][  0]LogAIModule: Creating AISystem for world Minimal_Default
[2018.06.14-22.04.39:034][  0]LogEditorServer: Finished looking for orphan Actors (0.000 secs)
[2018.06.14-22.04.39:088][  0]Cmd: MAP CHECKDEP NOCLEARLOG
[2018.06.14-22.04.39:127][  0]MapCheck: Map check complete: 0 Error(s), 0 Warning(s), took 38,985ms to complete.
[2018.06.14-22.04.39:127][  0]LogFileHelpers: Loading map 'Minimal_Default' took 0.487
[2018.06.14-22.04.39:338][  0]LogCollectionManager: Loaded 0 collections in 0.001208 seconds
[2018.06.14-22.04.39:405][  0]LogFileCache: Scanning file cache for directory 'C:/Users/aluno/BumpAll/Projeto/Saved/Collections/' took 0.01s
[2018.06.14-22.04.39:405][  0]LogFileCache: Scanning file cache for directory 'C:/Users/aluno/BumpAll/Projeto/Content/Developers/aluno/Collections/' took 0.01s
[2018.06.14-22.04.39:405][  0]LogFileCache: Scanning file cache for directory 'C:/Users/aluno/BumpAll/Projeto/Content/Collections/' took 0.01s
[2018.06.14-22.04.39:405][  0]LogCollectionManager: Rebuilt the GUID cache for 0 collections in 0.000001 seconds
[2018.06.14-22.04.39:415][  0]LogContentBrowser: Native class hierarchy populated in 0.0080 seconds. Added 2452 classes and 558 folders.
[2018.06.14-22.04.39:427][  0]LogContentBrowser: Native class hierarchy updated for 'WidgetCarousel' in 0.0002 seconds. Added 0 classes and 0 folders.
[2018.06.14-22.04.39:599][  0]LogContentBrowser: Native class hierarchy updated for 'AddContentDialog' in 0.0002 seconds. Added 0 classes and 0 folders.
[2018.06.14-22.04.39:616][  0]LogContentBrowser: Native class hierarchy updated for 'SceneOutliner' in 0.0002 seconds. Added 1 classes and 2 folders.
[2018.06.14-22.04.39:700][  0]LogSlate: Took 0.001518 seconds to synchronously load lazily loaded font '../../../Engine/Content/Slate/Fonts/Roboto-Regular.ttf' (155K)
[2018.06.14-22.04.39:703][  0]LogSlate: Took 0.001829 seconds to synchronously load lazily loaded font '../../../Engine/Content/Slate/Fonts/Roboto-Bold.ttf' (160K)
[2018.06.14-22.04.39:714][  0]LogSlate: Took 0.002528 seconds to synchronously load lazily loaded font '../../../Engine/Content/Editor/Slate/Fonts/FontAwesome.ttf' (139K)
[2018.06.14-22.04.39:824][  0]LogRenderer: Reallocating scene render targets to support 904x456 Format 10 NumSamples 1 (Frame:1).
[2018.06.14-22.04.41:123][  0]LogSlate: FSceneViewport::OnFocusLost() reason 2
[2018.06.14-22.04.41:136][  0]LogSlate: Window 'Tutorials' being destroyed
[2018.06.14-22.04.41:177][  0]LogContentBrowser: Native class hierarchy updated for 'HierarchicalLODOutliner' in 0.0002 seconds. Added 0 classes and 0 folders.
[2018.06.14-22.04.41:177][  0]LogLoad: (Engine Initialization) Total time: 18.62 seconds
[2018.06.14-22.04.41:177][  0]LogLoad: (Engine Initialization) Total Blueprint compile time: 0.00 seconds
[2018.06.14-22.04.41:186][  0]LogWindowsTextInputMethodSystem: Display: IME system now deactivated.
[2018.06.14-22.04.41:208][  0]LogContentStreaming: Texture pool size now 1000 MB
[2018.06.14-22.04.41:211][  0]LogSlate: FSceneViewport::OnFocusLost() reason 2
[2018.06.14-22.04.41:267][  0]LogSlate: Took 0.001960 seconds to synchronously load lazily loaded font '../../../Engine/Content/Slate/Fonts/Roboto-Light.ttf' (167K)
[2018.06.14-22.04.41:319][  1]LogAssetRegistry: Asset discovery search completed in 10.1324 seconds
[2018.06.14-22.04.41:321][  1]LogCollectionManager: Rebuilt the object cache for 0 collections in 0.000000 seconds (found 0 objects)
[2018.06.14-22.04.41:321][  1]LogCollectionManager: Fixed up redirectors for 0 collections in 0.000040 seconds (updated 0 objects)
[2018.06.14-22.06.25:790][162]LogSlate: Window 'Message Log' being destroyed
[2018.06.14-22.06.25:795][162]LogSlate: Window 'Message Log' being destroyed
[2018.06.14-22.06.42:428][695]LogSlate: FSceneViewport::OnFocusLost() reason 0
[2018.06.14-22.07.14:017][724]LogEditorViewport: Clicking on Actor (LMB): BP_Sky_Sphere_C (BP_Sky_Sphere)
[2018.06.14-22.07.16:543][796]LogSlate: Took 0.003343 seconds to synchronously load lazily loaded font '../../../Engine/Content/Slate/Fonts/Roboto-Italic.ttf' (157K)
[2018.06.14-22.09.31:581][871]LogSlate: FSceneViewport::OnFocusLost() reason 0
[2018.06.14-22.09.40:897][419]MapCheck: New page: Map Check
[2018.06.14-22.09.40:912][419]LightingResults: New page: Lighting Build - 14/06/2018 16:09:40
[2018.06.14-22.09.40:966][419]LogSwarmInterface: [OpenConnection] Registering TCP channel ...
[2018.06.14-22.09.40:994][419]LogSwarmInterface: [OpenConnection] Connecting to agent ...
[2018.06.14-22.09.41:007][419]LogSwarmInterface: [TryOpenConnection] Testing the Agent
[2018.06.14-22.09.41:549][419]LogSwarmInterface: [TryOpenConnection] Opening Connection to Agent
[2018.06.14-22.09.41:549][419]LogSwarmInterface: [TryOpenConnection] Local Process ID is 8112
[2018.06.14-22.09.44:224][419]LogStaticLightingSystem: Warning: No importance volume found, so the scene bounding box was used.  You can optimize your scene's quality and lighting build times by adding importance volumes.
[2018.06.14-22.09.44:224][419]LogStaticLightingSystem: Running Lightmass w/ ImmediateImport mode ENABLED
[2018.06.14-22.09.44:224][419]LogStaticLightingSystem: Running Lightmass w/ ImmediateProcess mode ENABLED
[2018.06.14-22.09.44:224][419]LogStaticLightingSystem: Running Lightmass w/ Sorting mode ENABLED
[2018.06.14-22.09.44:224][419]LogStaticLightingSystem: Running Lightmass w/ Mapping paddings ENABLED
[2018.06.14-22.09.44:224][419]LogStaticLightingSystem: Running Lightmass w/ Mapping debug paddings DISABLED
[2018.06.14-22.09.44:465][419]LogEditorBuildUtils: Build time 0:03
[2018.06.14-22.09.44:470][419]LogMaterial: Missing cached shader map for material FLightmassMaterialRenderer M_Metal_Brushed_Nickel, compiling. 
[2018.06.14-22.09.44:479][419]LogShaderCompilers: Display: Shaders left to compile 2
[2018.06.14-22.09.44:479][419]LogMaterial: Missing cached shader map for material FLightmassMaterialRenderer M_Metal_Brushed_Nickel, compiling. 
[2018.06.14-22.09.44:501][420]LogMaterial: Missing cached shader map for material FLightmassMaterialRenderer M_TableRound, compiling. 
[2018.06.14-22.09.44:506][420]LogMaterial: Missing cached shader map for material FLightmassMaterialRenderer M_TableRound, compiling. 
[2018.06.14-22.09.44:514][420]LogShaderCompilers: Display: Shaders left to compile 4
[2018.06.14-22.09.44:516][420]LogShaderCompilers: Display: Shaders left to compile 2
[2018.06.14-22.09.44:695][421]LogMaterial: Missing cached shader map for material FLightmassMaterialRenderer M_Chair, compiling. 
[2018.06.14-22.09.44:700][421]LogShaderCompilers: Display: Shaders left to compile 2
[2018.06.14-22.09.44:700][421]LogMaterial: Missing cached shader map for material FLightmassMaterialRenderer M_Chair, compiling. 
[2018.06.14-22.09.44:722][422]LogMaterial: Missing cached shader map for material FLightmassMaterialRenderer M_Metal_Copper, compiling. 
[2018.06.14-22.09.44:728][422]LogMaterial: Missing cached shader map for material FLightmassMaterialRenderer M_Metal_Copper, compiling. 
[2018.06.14-22.09.44:749][423]LogMaterial: Missing cached shader map for material FLightmassMaterialRenderer M_StatueGlass, compiling. 
[2018.06.14-22.09.44:756][423]LogMaterial: Missing cached shader map for material FLightmassMaterialRenderer M_StatueGlass, compiling. 
[2018.06.14-22.09.44:767][424]LogMaterial: Missing cached shader map for material FLightmassMaterialRenderer M_Metal_Burnished_Steel, compiling. 
[2018.06.14-22.09.44:772][424]LogMaterial: Missing cached shader map for material FLightmassMaterialRenderer M_Metal_Burnished_Steel, compiling. 
[2018.06.14-22.09.44:777][424]LogMaterial: Missing cached shader map for material FLightmassMaterialRenderer MaterialInstanceDynamic_0, compiling. 
[2018.06.14-22.09.44:780][424]LogMaterial: Missing cached shader map for material FLightmassMaterialRenderer MaterialInstanceDynamic_0, compiling. 
[2018.06.14-22.09.44:799][425]LogMaterial: Missing cached shader map for material FLightmassMaterialRenderer WorldGridMaterial, compiling. Is special engine material.
[2018.06.14-22.09.44:804][425]LogMaterial: Missing cached shader map for material FLightmassMaterialRenderer WorldGridMaterial, compiling. Is special engine material.
[2018.06.14-22.09.46:948][427]LogShaderCompilers: Display: Shaders left to compile 22
[2018.06.14-22.09.46:948][427]LogShaderCompilers: Display: Shaders left to compile 12
[2018.06.14-22.09.46:948][427]LogShaderCompilers: Display: Shaders left to compile 2
[2018.06.14-22.09.49:216][481]Job is a success!
[2018.06.14-22.09.49:300][482]LogSlate: Took 0.000507 seconds to synchronously load lazily loaded font '../../../Engine/Content/Slate/Fonts/Roboto-Light.ttf' (167K)
[2018.06.14-22.09.49:369][482]LogVolumetricLightmapImport: Imported Volumetric Lightmap in 0.010s
[2018.06.14-22.09.49:369][482]LogVolumetricLightmapImport:      Indirection Texture 16x16x16 = 0.0Mb
[2018.06.14-22.09.49:369][482]LogVolumetricLightmapImport:      BrickData 30x5x5 = 0.0Mb
[2018.06.14-22.09.49:369][482]LogVolumetricLightmapImport:      Bricks at Level
[2018.06.14-22.09.49:369][482]LogVolumetricLightmapImport:          0: 16.7% covering 100.0% of volume
[2018.06.14-22.09.49:369][482]LogVolumetricLightmapImport:          1: 16.7% covering 1.6% of volume
[2018.06.14-22.09.49:369][482]LogVolumetricLightmapImport:          2: 66.7% covering 0.1% of volume
[2018.06.14-22.09.49:511][482]LogTexture: Display: Building textures: SkyOcclusion0_1 (AutoDXT, 512X256)
[2018.06.14-22.09.49:511][482]LogTexture: Display: Building textures: HQ_Lightmap0_1 (AutoDXT, 512X512)
[2018.06.14-22.09.49:511][482]LogTexture: Display: Building textures: LQ_Lightmap_0_1 (DXT1, 512X512)
[2018.06.14-22.09.49:511][482]LogTexture: Display: Building textures: SkyOcclusion0_2 (AutoDXT, 64X32)
[2018.06.14-22.09.49:511][482]LogTexture: Display: Building textures: HQ_Lightmap0_2 (AutoDXT, 64X64)
[2018.06.14-22.09.49:511][482]LogTexture: Display: Building textures: LQ_Lightmap_0_2 (DXT1, 64X64)
[2018.06.14-22.09.49:511][482]LogTexture: Display: Building textures: ShadowMapTexture2D_1 (G8, 32X32)
[2018.06.14-22.09.49:511][482]LogTexture: Display: Building textures: ShadowMapTexture2D_0 (G8, 1024X128)
[2018.06.14-22.09.49:567][482]Lightmass on LABSOFT27: 1.63 sec total, 187 ms importing, 13 ms setup, 437 ms photons, 971 ms processing, 0 ms extra exporting [7/7 mappings]. Threads: 6.62 sec total, 1.87 sec processing.
[2018.06.14-22.09.49:593][482]LogStaticLightingSystem: Illumination: 8.61 sec (101 ms encoding lightmaps, 24 ms encoding shadowmaps)
[2018.06.14-22.09.49:593][482]LogStaticLightingSystem: Lightmap texture memory:  0.7 MB (0.7 MB streaming, 0.0 MB non-streaming), 4 textures
[2018.06.14-22.09.49:593][482]LogStaticLightingSystem: Shadowmap texture memory: 0.2 MB (0.2 MB streaming, 0.0 MB non-streaming), 2 textures
[2018.06.14-22.09.50:230][482]DumpUnbuiltLightIteractions
[2018.06.14-22.09.50:230][482]Lights with unbuilt interactions: 0
[2018.06.14-22.09.50:230][482]
[2018.06.14-22.09.50:230][482]Primitives with unbuilt interactions: 0
[2018.06.14-22.09.50:552][483]Cmd: MAP CHECK NOTIFYRESULTS
[2018.06.14-22.09.50:552][483]MapCheck: New page: Minimal_Default - 14/06/2018 16:09:50
[2018.06.14-22.09.50:597][483]MapCheck: Map check complete: 0 Error(s), 0 Warning(s), took 44,813ms to complete.
[2018.06.14-22.10.09:269][907]LogWindows: LaunchURL http://UnrealEngine.com
[2018.06.14-22.14.43:245][578]LogSavePackage: Save=70.93ms
[2018.06.14-22.14.43:245][578]LogSavePackage: Moving '../../../../../../Users/aluno/BumpAll/Projeto/Saved/Minimal_Default_Auto1BD08273A47675C2C8C6920A5AF471637.tmp' to '../../../../../../Users/aluno/BumpAll/Projeto/Saved/Autosaves/Game/StarterContent/Maps/Minimal_Default_Auto1.umap'
[2018.06.14-22.14.43:246][578]LogSavePackage: Display: Finished SavePackage ../../../../../../Users/aluno/BumpAll/Projeto/Saved/Autosaves/Game/StarterContent/Maps/Minimal_Default_Auto1.umap
[2018.06.14-22.14.43:249][578]LogFileHelpers: Editor autosave (incl. sublevels) for '/Game/StarterContent/Maps/Minimal_Default' took 0.097
[2018.06.14-22.14.43:249][578]LogFileHelpers: Editor autosave (incl. sublevels) for all levels took 0.097
[2018.06.14-22.14.43:252][578]OBJ SavePackage: Generating thumbnails for [0] asset(s) in package [/Game/StarterContent/Maps/Minimal_Default_BuiltData] ([1] browsable assets)...
[2018.06.14-22.14.43:252][578]OBJ SavePackage: Finished generating thumbnails for package [/Game/StarterContent/Maps/Minimal_Default_BuiltData]
[2018.06.14-22.14.43:260][578]LogSavePackage: Save=6.74ms
[2018.06.14-22.14.43:260][578]LogSavePackage: Moving '../../../../../../Users/aluno/BumpAll/Projeto/Saved/Minimal_Default_BuiltData_Auto13EFED6944F1B99D097A88CB159E25EBD.tmp' to '../../../../../../Users/aluno/BumpAll/Projeto/Saved/Autosaves/Game/StarterContent/Maps/Minimal_Default_BuiltData_Auto1.uasset'
[2018.06.14-22.14.43:261][578]LogSavePackage: Display: Finished SavePackage ../../../../../../Users/aluno/BumpAll/Projeto/Saved/Autosaves/Game/StarterContent/Maps/Minimal_Default_BuiltData_Auto1.uasset
[2018.06.14-22.14.43:261][578]LogFileHelpers: Auto-saving content packages took 0.010
